2025-12-15 16:02:15.857+0000 INFO  Logging config in use: Embedded default config 'default-user-logs.xml'
2025-12-15 16:02:15.873+0000 INFO  Starting...
2025-12-15 16:02:16.857+0000 INFO  This instance is ServerId{e4a64c07} (e4a64c07-84e0-4018-8bec-94a0e69ba0cd)
2025-12-15 16:02:17.773+0000 INFO  ======== Neo4j 2025.10.1 ========
2025-12-15 16:02:19.248+0000 INFO  Anonymous Usage Data is being sent to Neo4j, see https://neo4j.com/docs/usage-data/
2025-12-15 16:02:20.108+0000 INFO  Bolt enabled on 0.0.0.0:7687.
2025-12-15 16:02:20.750+0000 INFO  HTTP enabled on 0.0.0.0:7474.
2025-12-15 16:02:20.751+0000 INFO  Remote interface available at http://localhost:7474/
2025-12-15 16:02:20.755+0000 INFO  id: 35D2EF96AE54694B3E7971A346B3328C6A91D277FF8AC59103B74B2FDCB2AF2F
2025-12-15 16:02:20.755+0000 INFO  name: system
2025-12-15 16:02:20.756+0000 INFO  creationDate: 2025-12-15T16:02:18.735Z
2025-12-15 16:02:20.757+0000 INFO  Started.
2025-12-16 07:43:32.859+0000 INFO  Neo4j Server shutdown initiated by request
2025-12-16 07:43:32.865+0000 INFO  Stopping...
2025-12-16 07:46:52.379+0000 INFO  Logging config in use: Embedded default config 'default-user-logs.xml'
2025-12-16 07:46:52.409+0000 INFO  Starting...
2025-12-16 07:46:53.557+0000 INFO  This instance is ServerId{e4a64c07} (e4a64c07-84e0-4018-8bec-94a0e69ba0cd)
2025-12-16 07:46:54.867+0000 INFO  ======== Neo4j 2025.10.1 ========
2025-12-16 07:46:56.075+0000 INFO  Anonymous Usage Data is being sent to Neo4j, see https://neo4j.com/docs/usage-data/
2025-12-16 07:46:59.138+0000 INFO  Bolt enabled on 0.0.0.0:7687.
2025-12-16 07:46:59.855+0000 INFO  HTTP enabled on 0.0.0.0:7474.
2025-12-16 07:46:59.856+0000 INFO  Remote interface available at http://localhost:7474/
2025-12-16 07:46:59.859+0000 INFO  id: 35D2EF96AE54694B3E7971A346B3328C6A91D277FF8AC59103B74B2FDCB2AF2F
2025-12-16 07:46:59.860+0000 INFO  name: system
2025-12-16 07:46:59.860+0000 INFO  creationDate: 2025-12-15T16:02:18.735Z
2025-12-16 07:46:59.861+0000 INFO  Started.
2025-12-16 13:50:02.242+0000 WARN  [bolt-59] The client is unauthorized due to authentication failure.
2025-12-16 13:54:35.309+0000 WARN  [bolt-106] The client is unauthorized due to authentication failure.
2025-12-17 06:06:23.774+0000 WARN  [bolt-165] The client is unauthorized due to authentication failure.
2025-12-17 06:07:19.778+0000 WARN  [bolt-166] The client is unauthorized due to authentication failure.
